{"level":"info","message":"Socket.IO server initialized","service":"women-safety-backend","timestamp":"2025-09-11T08:13:13.511Z"}
{"level":"info","message":"Server running in development mode on port 5000","service":"women-safety-backend","timestamp":"2025-09-11T08:13:13.525Z"}
{"level":"info","message":"MongoDB Connected: localhost","service":"women-safety-backend","timestamp":"2025-09-11T08:13:13.580Z"}
{"level":"info","message":"Socket.IO server initialized","service":"women-safety-backend","timestamp":"2025-09-11T14:59:58.259Z"}
{"level":"info","message":"Server running in development mode on port 5000","service":"women-safety-backend","timestamp":"2025-09-11T14:59:58.268Z"}
{"level":"info","message":"MongoDB Connected: localhost","service":"women-safety-backend","timestamp":"2025-09-11T14:59:58.295Z"}
{"level":"warn","message":"MongoDB disconnected","service":"women-safety-backend","timestamp":"2025-09-11T15:00:25.385Z"}
{"level":"info","message":"Socket.IO server initialized","service":"women-safety-backend","timestamp":"2025-09-11T15:00:30.570Z"}
{"level":"info","message":"Server running in development mode on port 5000","service":"women-safety-backend","timestamp":"2025-09-11T15:00:30.578Z"}
{"level":"info","message":"MongoDB Connected: localhost","service":"women-safety-backend","timestamp":"2025-09-11T15:00:30.596Z"}
{"level":"info","message":"Socket.IO server initialized","service":"women-safety-backend","timestamp":"2025-09-11T15:15:41.780Z"}
{"level":"info","message":"Server running in development mode on port 5000","service":"women-safety-backend","timestamp":"2025-09-11T15:15:41.794Z"}
{"level":"info","message":"MongoDB Connected: localhost","service":"women-safety-backend","timestamp":"2025-09-11T15:15:41.846Z"}
{"level":"info","message":"Socket.IO server initialized","service":"women-safety-backend","timestamp":"2025-09-11T15:20:06.162Z"}
{"level":"info","message":"Server running in development mode on port 5000","service":"women-safety-backend","timestamp":"2025-09-11T15:20:06.174Z"}
{"level":"info","message":"MongoDB Connected: localhost","service":"women-safety-backend","timestamp":"2025-09-11T15:20:06.231Z"}
{"level":"info","message":"Socket.IO server initialized","service":"women-safety-backend","timestamp":"2025-09-11T15:44:10.524Z"}
{"level":"info","message":"Server running in development mode on port 5000","service":"women-safety-backend","timestamp":"2025-09-11T15:44:10.541Z"}
{"level":"info","message":"MongoDB Connected: localhost","service":"women-safety-backend","timestamp":"2025-09-11T15:44:10.578Z"}
{"level":"info","message":"Socket.IO server initialized","service":"women-safety-backend","timestamp":"2025-09-11T16:40:09.526Z"}
{"level":"info","message":"Server running in development mode on port 5000","service":"women-safety-backend","timestamp":"2025-09-11T16:40:09.537Z"}
{"level":"info","message":"MongoDB Connected: localhost","service":"women-safety-backend","timestamp":"2025-09-11T16:40:09.574Z"}
{"level":"warn","message":"MongoDB disconnected","service":"women-safety-backend","timestamp":"2025-09-11T16:45:10.699Z"}
{"level":"info","message":"Socket.IO server initialized","service":"women-safety-backend","timestamp":"2025-09-11T16:45:22.318Z"}
{"level":"info","message":"Server running in development mode on port 5000","service":"women-safety-backend","timestamp":"2025-09-11T16:45:22.325Z"}
{"level":"info","message":"MongoDB Connected: localhost","service":"women-safety-backend","timestamp":"2025-09-11T16:45:22.359Z"}
{"level":"info","message":"Socket.IO server initialized","service":"women-safety-backend","timestamp":"2025-09-11T17:15:00.207Z"}
{"level":"info","message":"Server running in development mode on port 5000","service":"women-safety-backend","timestamp":"2025-09-11T17:15:00.223Z"}
{"level":"info","message":"MongoDB Connected: localhost","service":"women-safety-backend","timestamp":"2025-09-11T17:15:00.260Z"}
{"level":"info","message":"Socket.IO server initialized","service":"women-safety-backend","timestamp":"2025-09-11T17:15:35.813Z"}
{"level":"info","message":"Server running in development mode on port 5000","service":"women-safety-backend","timestamp":"2025-09-11T17:15:35.820Z"}
{"level":"info","message":"MongoDB Connected: localhost","service":"women-safety-backend","timestamp":"2025-09-11T17:15:35.840Z"}
{"level":"info","message":"Socket.IO server initialized","service":"women-safety-backend","timestamp":"2025-09-11T17:15:49.590Z"}
{"level":"info","message":"Server running in development mode on port 5000","service":"women-safety-backend","timestamp":"2025-09-11T17:15:49.596Z"}
{"level":"info","message":"MongoDB Connected: localhost","service":"women-safety-backend","timestamp":"2025-09-11T17:15:49.614Z"}
{"level":"info","message":"Socket.IO server initialized","service":"women-safety-backend","timestamp":"2025-09-11T17:15:51.575Z"}
{"level":"info","message":"Server running in development mode on port 5000","service":"women-safety-backend","timestamp":"2025-09-11T17:15:51.586Z"}
{"level":"info","message":"MongoDB Connected: localhost","service":"women-safety-backend","timestamp":"2025-09-11T17:15:51.614Z"}
{"level":"info","message":"Socket.IO server initialized","service":"women-safety-backend","timestamp":"2025-09-11T17:17:11.510Z"}
{"level":"info","message":"Server running in development mode on port 5000","service":"women-safety-backend","timestamp":"2025-09-11T17:17:11.521Z"}
{"level":"info","message":"MongoDB Connected: localhost","service":"women-safety-backend","timestamp":"2025-09-11T17:17:11.552Z"}
{"level":"warn","message":"Twilio credentials not configured or invalid, skipping SMS","service":"women-safety-backend","timestamp":"2025-09-11T17:20:29.927Z"}
{"level":"info","message":"New user registered: leelamadhavnulakani@gmail.com","service":"women-safety-backend","timestamp":"2025-09-11T17:20:29.927Z"}
{"level":"error","message":"Auth middleware error: jwt malformed","name":"JsonWebTokenError","service":"women-safety-backend","stack":"JsonWebTokenError: jwt malformed\n    at module.exports [as verify] (e:\\Woman-safety\\backend\\node_modules\\jsonwebtoken\\verify.js:70:17)\n    at auth (e:\\Woman-safety\\backend\\src\\middleware\\auth.js:16:25)\n    at newFn (e:\\Woman-safety\\backend\\node_modules\\express-async-errors\\index.js:16:20)\n    at Layer.handle [as handle_request] (e:\\Woman-safety\\backend\\node_modules\\express\\lib\\router\\layer.js:95:5)\n    at next (e:\\Woman-safety\\backend\\node_modules\\express\\lib\\router\\route.js:149:13)\n    at Route.dispatch (e:\\Woman-safety\\backend\\node_modules\\express\\lib\\router\\route.js:119:3)\n    at newFn (e:\\Woman-safety\\backend\\node_modules\\express-async-errors\\index.js:16:20)\n    at Layer.handle [as handle_request] (e:\\Woman-safety\\backend\\node_modules\\express\\lib\\router\\layer.js:95:5)\n    at e:\\Woman-safety\\backend\\node_modules\\express\\lib\\router\\index.js:284:15\n    at Function.process_params (e:\\Woman-safety\\backend\\node_modules\\express\\lib\\router\\index.js:346:12)","timestamp":"2025-09-11T17:20:30.004Z"}
{"level":"error","message":"Auth middleware error: jwt malformed","name":"JsonWebTokenError","service":"women-safety-backend","stack":"JsonWebTokenError: jwt malformed\n    at module.exports [as verify] (e:\\Woman-safety\\backend\\node_modules\\jsonwebtoken\\verify.js:70:17)\n    at auth (e:\\Woman-safety\\backend\\src\\middleware\\auth.js:16:25)\n    at newFn (e:\\Woman-safety\\backend\\node_modules\\express-async-errors\\index.js:16:20)\n    at Layer.handle [as handle_request] (e:\\Woman-safety\\backend\\node_modules\\express\\lib\\router\\layer.js:95:5)\n    at next (e:\\Woman-safety\\backend\\node_modules\\express\\lib\\router\\route.js:149:13)\n    at Route.dispatch (e:\\Woman-safety\\backend\\node_modules\\express\\lib\\router\\route.js:119:3)\n    at newFn (e:\\Woman-safety\\backend\\node_modules\\express-async-errors\\index.js:16:20)\n    at Layer.handle [as handle_request] (e:\\Woman-safety\\backend\\node_modules\\express\\lib\\router\\layer.js:95:5)\n    at e:\\Woman-safety\\backend\\node_modules\\express\\lib\\router\\index.js:284:15\n    at Function.process_params (e:\\Woman-safety\\backend\\node_modules\\express\\lib\\router\\index.js:346:12)","timestamp":"2025-09-11T17:20:30.009Z"}
{"level":"info","message":"User logged in: leelamadhavnulakani@gmail.com","service":"women-safety-backend","timestamp":"2025-09-11T17:20:39.028Z"}
{"level":"error","message":"Auth middleware error: jwt malformed","name":"JsonWebTokenError","service":"women-safety-backend","stack":"JsonWebTokenError: jwt malformed\n    at module.exports [as verify] (e:\\Woman-safety\\backend\\node_modules\\jsonwebtoken\\verify.js:70:17)\n    at auth (e:\\Woman-safety\\backend\\src\\middleware\\auth.js:16:25)\n    at newFn (e:\\Woman-safety\\backend\\node_modules\\express-async-errors\\index.js:16:20)\n    at Layer.handle [as handle_request] (e:\\Woman-safety\\backend\\node_modules\\express\\lib\\router\\layer.js:95:5)\n    at next (e:\\Woman-safety\\backend\\node_modules\\express\\lib\\router\\route.js:149:13)\n    at Route.dispatch (e:\\Woman-safety\\backend\\node_modules\\express\\lib\\router\\route.js:119:3)\n    at newFn (e:\\Woman-safety\\backend\\node_modules\\express-async-errors\\index.js:16:20)\n    at Layer.handle [as handle_request] (e:\\Woman-safety\\backend\\node_modules\\express\\lib\\router\\layer.js:95:5)\n    at e:\\Woman-safety\\backend\\node_modules\\express\\lib\\router\\index.js:284:15\n    at Function.process_params (e:\\Woman-safety\\backend\\node_modules\\express\\lib\\router\\index.js:346:12)","timestamp":"2025-09-11T17:20:39.100Z"}
{"level":"error","message":"Auth middleware error: jwt malformed","name":"JsonWebTokenError","service":"women-safety-backend","stack":"JsonWebTokenError: jwt malformed\n    at module.exports [as verify] (e:\\Woman-safety\\backend\\node_modules\\jsonwebtoken\\verify.js:70:17)\n    at auth (e:\\Woman-safety\\backend\\src\\middleware\\auth.js:16:25)\n    at newFn (e:\\Woman-safety\\backend\\node_modules\\express-async-errors\\index.js:16:20)\n    at Layer.handle [as handle_request] (e:\\Woman-safety\\backend\\node_modules\\express\\lib\\router\\layer.js:95:5)\n    at next (e:\\Woman-safety\\backend\\node_modules\\express\\lib\\router\\route.js:149:13)\n    at Route.dispatch (e:\\Woman-safety\\backend\\node_modules\\express\\lib\\router\\route.js:119:3)\n    at newFn (e:\\Woman-safety\\backend\\node_modules\\express-async-errors\\index.js:16:20)\n    at Layer.handle [as handle_request] (e:\\Woman-safety\\backend\\node_modules\\express\\lib\\router\\layer.js:95:5)\n    at e:\\Woman-safety\\backend\\node_modules\\express\\lib\\router\\index.js:284:15\n    at Function.process_params (e:\\Woman-safety\\backend\\node_modules\\express\\lib\\router\\index.js:346:12)","timestamp":"2025-09-11T17:20:39.103Z"}
{"level":"info","message":"User logged in: leelamadhavnulakani@gmail.com","service":"women-safety-backend","timestamp":"2025-09-11T17:20:58.831Z"}
{"level":"error","message":"Auth middleware error: jwt malformed","name":"JsonWebTokenError","service":"women-safety-backend","stack":"JsonWebTokenError: jwt malformed\n    at module.exports [as verify] (e:\\Woman-safety\\backend\\node_modules\\jsonwebtoken\\verify.js:70:17)\n    at auth (e:\\Woman-safety\\backend\\src\\middleware\\auth.js:16:25)\n    at newFn (e:\\Woman-safety\\backend\\node_modules\\express-async-errors\\index.js:16:20)\n    at Layer.handle [as handle_request] (e:\\Woman-safety\\backend\\node_modules\\express\\lib\\router\\layer.js:95:5)\n    at next (e:\\Woman-safety\\backend\\node_modules\\express\\lib\\router\\route.js:149:13)\n    at Route.dispatch (e:\\Woman-safety\\backend\\node_modules\\express\\lib\\router\\route.js:119:3)\n    at newFn (e:\\Woman-safety\\backend\\node_modules\\express-async-errors\\index.js:16:20)\n    at Layer.handle [as handle_request] (e:\\Woman-safety\\backend\\node_modules\\express\\lib\\router\\layer.js:95:5)\n    at e:\\Woman-safety\\backend\\node_modules\\express\\lib\\router\\index.js:284:15\n    at Function.process_params (e:\\Woman-safety\\backend\\node_modules\\express\\lib\\router\\index.js:346:12)","timestamp":"2025-09-11T17:20:58.915Z"}
{"level":"error","message":"Auth middleware error: jwt malformed","name":"JsonWebTokenError","service":"women-safety-backend","stack":"JsonWebTokenError: jwt malformed\n    at module.exports [as verify] (e:\\Woman-safety\\backend\\node_modules\\jsonwebtoken\\verify.js:70:17)\n    at auth (e:\\Woman-safety\\backend\\src\\middleware\\auth.js:16:25)\n    at newFn (e:\\Woman-safety\\backend\\node_modules\\express-async-errors\\index.js:16:20)\n    at Layer.handle [as handle_request] (e:\\Woman-safety\\backend\\node_modules\\express\\lib\\router\\layer.js:95:5)\n    at next (e:\\Woman-safety\\backend\\node_modules\\express\\lib\\router\\route.js:149:13)\n    at Route.dispatch (e:\\Woman-safety\\backend\\node_modules\\express\\lib\\router\\route.js:119:3)\n    at newFn (e:\\Woman-safety\\backend\\node_modules\\express-async-errors\\index.js:16:20)\n    at Layer.handle [as handle_request] (e:\\Woman-safety\\backend\\node_modules\\express\\lib\\router\\layer.js:95:5)\n    at e:\\Woman-safety\\backend\\node_modules\\express\\lib\\router\\index.js:284:15\n    at Function.process_params (e:\\Woman-safety\\backend\\node_modules\\express\\lib\\router\\index.js:346:12)","timestamp":"2025-09-11T17:20:58.919Z"}
{"level":"info","message":"User logged in: leelamadhavnulakani@gmail.com","service":"women-safety-backend","timestamp":"2025-09-11T17:21:41.260Z"}
{"level":"error","message":"Auth middleware error: jwt malformed","name":"JsonWebTokenError","service":"women-safety-backend","stack":"JsonWebTokenError: jwt malformed\n    at module.exports [as verify] (e:\\Woman-safety\\backend\\node_modules\\jsonwebtoken\\verify.js:70:17)\n    at auth (e:\\Woman-safety\\backend\\src\\middleware\\auth.js:16:25)\n    at newFn (e:\\Woman-safety\\backend\\node_modules\\express-async-errors\\index.js:16:20)\n    at Layer.handle [as handle_request] (e:\\Woman-safety\\backend\\node_modules\\express\\lib\\router\\layer.js:95:5)\n    at next (e:\\Woman-safety\\backend\\node_modules\\express\\lib\\router\\route.js:149:13)\n    at Route.dispatch (e:\\Woman-safety\\backend\\node_modules\\express\\lib\\router\\route.js:119:3)\n    at newFn (e:\\Woman-safety\\backend\\node_modules\\express-async-errors\\index.js:16:20)\n    at Layer.handle [as handle_request] (e:\\Woman-safety\\backend\\node_modules\\express\\lib\\router\\layer.js:95:5)\n    at e:\\Woman-safety\\backend\\node_modules\\express\\lib\\router\\index.js:284:15\n    at Function.process_params (e:\\Woman-safety\\backend\\node_modules\\express\\lib\\router\\index.js:346:12)","timestamp":"2025-09-11T17:21:41.345Z"}
{"level":"error","message":"Auth middleware error: jwt malformed","name":"JsonWebTokenError","service":"women-safety-backend","stack":"JsonWebTokenError: jwt malformed\n    at module.exports [as verify] (e:\\Woman-safety\\backend\\node_modules\\jsonwebtoken\\verify.js:70:17)\n    at auth (e:\\Woman-safety\\backend\\src\\middleware\\auth.js:16:25)\n    at newFn (e:\\Woman-safety\\backend\\node_modules\\express-async-errors\\index.js:16:20)\n    at Layer.handle [as handle_request] (e:\\Woman-safety\\backend\\node_modules\\express\\lib\\router\\layer.js:95:5)\n    at next (e:\\Woman-safety\\backend\\node_modules\\express\\lib\\router\\route.js:149:13)\n    at Route.dispatch (e:\\Woman-safety\\backend\\node_modules\\express\\lib\\router\\route.js:119:3)\n    at newFn (e:\\Woman-safety\\backend\\node_modules\\express-async-errors\\index.js:16:20)\n    at Layer.handle [as handle_request] (e:\\Woman-safety\\backend\\node_modules\\express\\lib\\router\\layer.js:95:5)\n    at e:\\Woman-safety\\backend\\node_modules\\express\\lib\\router\\index.js:284:15\n    at Function.process_params (e:\\Woman-safety\\backend\\node_modules\\express\\lib\\router\\index.js:346:12)","timestamp":"2025-09-11T17:21:41.357Z"}
{"level":"info","message":"Socket.IO server initialized","service":"women-safety-backend","timestamp":"2025-09-11T17:22:51.556Z"}
{"level":"info","message":"Server running in development mode on port 5000","service":"women-safety-backend","timestamp":"2025-09-11T17:22:51.566Z"}
{"level":"info","message":"MongoDB Connected: localhost","service":"women-safety-backend","timestamp":"2025-09-11T17:22:51.601Z"}
{"level":"info","message":"Socket.IO server initialized","service":"women-safety-backend","timestamp":"2025-09-11T17:30:48.098Z"}
{"level":"info","message":"Server running in development mode on port 5000","service":"women-safety-backend","timestamp":"2025-09-11T17:30:48.110Z"}
{"level":"info","message":"MongoDB Connected: localhost","service":"women-safety-backend","timestamp":"2025-09-11T17:30:48.168Z"}
{"level":"info","message":"User logged in: leelamadhavnulakani@gmail.com","service":"women-safety-backend","timestamp":"2025-09-11T17:31:24.343Z"}
{"level":"info","message":"User connected: Leela Madhava Rao Nulakani (68c304ddccd89cde770dd0c0)","service":"women-safety-backend","timestamp":"2025-09-11T17:31:24.635Z"}
{"level":"info","message":"User disconnected: Leela Madhava Rao Nulakani (transport close)","service":"women-safety-backend","timestamp":"2025-09-11T17:31:43.808Z"}
